<?xml version="1.0" encoding="UTF-8"?>
<!-- Generated by org.testng.reporters.JUnitReportReporter -->
<testsuite hostname="Chandramouli" failures="0" tests="1" name="com.amazon.testcases.InvalidCateogryTest" time="6.650" errors="0" timestamp="2023-12-27T14:09:36 IST" skipped="0">
  <testcase classname="com.amazon.testcases.InvalidCateogryTest" name="clickOnElectronicsAndSearchTshirt" time="6.650"/>
  <system-out/>
</testsuite> <!-- com.amazon.testcases.InvalidCateogryTest -->
