<?xml version="1.0" encoding="UTF-8"?>
<!-- Generated by org.testng.reporters.JUnitReportReporter -->
<testsuite hostname="Chandramouli" failures="0" tests="5" name="com.amazon.testcases.GlobalDropdownTestcase" time="0.923" errors="0" timestamp="2023-12-27T10:44:42 IST" skipped="0">
  <testcase classname="com.amazon.testcases.GlobalDropdownTestcase" name="SelectFashionFromGlobalDropDown" time="0.132"/>
  <system-out/>
  <testcase classname="com.amazon.testcases.GlobalDropdownTestcase" name="SelectDefualtOptionAllFromGlobalDropDown" time="0.019"/>
  <system-out/>
  <testcase classname="com.amazon.testcases.GlobalDropdownTestcase" name="SelectElectronicsFromGlobalDropDown" time="0.195"/>
  <system-out/>
  <testcase classname="com.amazon.testcases.GlobalDropdownTestcase" name="SelectBooksFromGlobalDropDown" time="0.348"/>
  <system-out/>
  <testcase classname="com.amazon.testcases.GlobalDropdownTestcase" name="SelectComputersAndAccessoriesFromGlobalDropDown" time="0.229"/>
  <system-out/>
</testsuite> <!-- com.amazon.testcases.GlobalDropdownTestcase -->
