<?xml version="1.0" encoding="UTF-8"?>
<!-- Generated by org.testng.reporters.JUnitReportReporter -->
<testsuite hostname="Chandramouli" failures="0" tests="6" name="com.amazon.testcases.HeaderOptionsTestCase" time="47.407" errors="0" timestamp="2023-12-27T10:43:59 IST" skipped="0">
  <testcase classname="com.amazon.testcases.HeaderOptionsTestCase" name="selectHomeandKitchen" time="3.542"/>
  <system-out/>
  <testcase classname="com.amazon.testcases.HeaderOptionsTestCase" name="selectFashion" time="16.574"/>
  <system-out/>
  <testcase classname="com.amazon.testcases.HeaderOptionsTestCase" name="selectMobiles" time="3.424"/>
  <system-out/>
  <testcase classname="com.amazon.testcases.HeaderOptionsTestCase" name="selectElectronis" time="18.636"/>
  <system-out/>
  <testcase classname="com.amazon.testcases.HeaderOptionsTestCase" name="selectNewrelease" time="1.172"/>
  <system-out/>
  <testcase classname="com.amazon.testcases.HeaderOptionsTestCase" name="selectComputers" time="4.059"/>
  <system-out/>
</testsuite> <!-- com.amazon.testcases.HeaderOptionsTestCase -->
