<?xml version="1.0" encoding="UTF-8"?>
<!-- Generated by org.testng.reporters.JUnitReportReporter -->
<testsuite hostname="Chandramouli" failures="0" tests="1" name="com.amazon.testcases.SearchbarTestcase" time="6.173" errors="0" timestamp="2023-12-26T16:15:28 IST" skipped="0">
  <testcase classname="com.amazon.testcases.SearchbarTestcase" name="ClickonsearchbarAndSendkeys" time="6.173"/>
  <system-out/>
</testsuite> <!-- com.amazon.testcases.SearchbarTestcase -->
