<?xml version="1.0" encoding="UTF-8"?>
<!-- Generated by org.testng.reporters.JUnitReportReporter -->
<testsuite hostname="Chandramouli" failures="0" tests="6" name="com.amazon.testcases.HeaderOptionsTestCase" time="30.864" errors="0" timestamp="2023-12-27T19:16:24 IST" skipped="0">
  <testcase classname="com.amazon.testcases.HeaderOptionsTestCase" name="selectNewrelease" time="2.305"/>
  <system-out/>
  <testcase classname="com.amazon.testcases.HeaderOptionsTestCase" name="selectHomeandKitchen" time="2.471"/>
  <system-out/>
  <testcase classname="com.amazon.testcases.HeaderOptionsTestCase" name="selectComputers" time="2.515"/>
  <system-out/>
  <testcase classname="com.amazon.testcases.HeaderOptionsTestCase" name="selectFashion" time="9.018"/>
  <system-out/>
  <testcase classname="com.amazon.testcases.HeaderOptionsTestCase" name="selectElectronis" time="10.552"/>
  <system-out/>
  <testcase classname="com.amazon.testcases.HeaderOptionsTestCase" name="selectMobiles" time="4.003"/>
  <system-out/>
</testsuite> <!-- com.amazon.testcases.HeaderOptionsTestCase -->
