<?xml version="1.0" encoding="UTF-8"?>
<!-- Generated by org.testng.reporters.JUnitReportReporter -->
<testsuite hostname="Chandramouli" failures="0" tests="1" name="com.amazon.testcases.HomapageTestcase" time="2.401" errors="0" timestamp="2023-12-27T15:04:17 IST" skipped="0">
  <testcase classname="com.amazon.testcases.HomapageTestcase" name="LandedOnAmazonHomepage" time="2.401"/>
  <system-out/>
</testsuite> <!-- com.amazon.testcases.HomapageTestcase -->
